----------------------------------------
SIMULATION INPUTS
2021-06-26 07:24:45.215717
----------------------------------------

nx = 80.0
ny = 80.0
Lx = 1.0
Ly = 1.0
dt = 0.01
T = 1.0
Re = 400.0
CFL Number = 0.7999999999999999
----------------------------------------
SIMULATION OUTPUTS
----------------------------------------

1.0% complete:Simultation Time: 0.010 sec (dt = 1.000e-02)8 Iterations for CGS Convergence (Mo. Eq.)370 Iterations for CGS Convergence (PP Eq.)Wall Clock Time: 405.909 sec
----------------------------------------
SIMULATION INPUTS
2021-06-26 12:20:08.492210
----------------------------------------

nx = 80.0
ny = 80.0
Lx = 1.0
Ly = 1.0
dt = 0.01
T = 1.0
Re = 400.0
CFL Number = 0.7999999999999999
----------------------------------------
SIMULATION OUTPUTS
----------------------------------------

1.0% complete:Simultation Time: 0.010 sec (dt = 1.000e-02)8 Iterations for CGS Convergence (Mo. Eq.)370 Iterations for CGS Convergence (PP Eq.)Wall Clock Time: 84.586 sec
----------------------------------------
SIMULATION INPUTS
2021-06-27 14:31:28.397347
----------------------------------------

nx = 80.0
ny = 80.0
Lx = 1.0
Ly = 1.0
dt = 0.01
T = 1.0
Re = 400.0
CFL Number = 0.7999999999999999
----------------------------------------
SIMULATION OUTPUTS
----------------------------------------

1.0% complete:Simultation Time: 0.010 sec (dt = 1.000e-02)8 Iterations for CGS Convergence (Mo. Eq.)370 Iterations for CGS Convergence (PP Eq.)Wall Clock Time: 29.354 sec
