----------------------------------------
SIMULATION INPUTS
2021-06-24 18:16:22.529338
----------------------------------------

nx = 128.0
ny = 128.0
Lx = 1.0
Ly = 1.0
dt = 0.005
T = 60.0
Re = 400.0
CFL Number = 0.64
----------------------------------------
SIMULATION OUTPUTS
----------------------------------------

0.0% complete:Simultation Time: 0.005 sec (dt = 5.000e-03)8 Iterations for CGS Convergence (Mo. Eq.)620 Iterations for CGS Convergence (PP Eq.)

Wall Clock Time: 812.135 sec
----------------------------------------
SIMULATION INPUTS
2021-06-26 07:02:16.993329
----------------------------------------

nx = 128.0
ny = 128.0
Lx = 1.0
Ly = 1.0
dt = 0.005
T = 60.0
Re = 400.0
CFL Number = 0.64
----------------------------------------
SIMULATION OUTPUTS
----------------------------------------

----------------------------------------
SIMULATION INPUTS
2021-06-26 07:10:14.386564
----------------------------------------

nx = 128.0
ny = 128.0
Lx = 1.0
Ly = 1.0
dt = 0.005
T = 60.0
Re = 400.0
CFL Number = 0.64
----------------------------------------
SIMULATION OUTPUTS
----------------------------------------

----------------------------------------
SIMULATION INPUTS
2021-06-26 07:10:55.168536
----------------------------------------

nx = 128.0
ny = 128.0
Lx = 1.0
Ly = 1.0
dt = 0.005
T = 60.0
Re = 400.0
CFL Number = 0.64
----------------------------------------
SIMULATION OUTPUTS
----------------------------------------

